SF:lib\config\constants\api_config.dart
DA:20,3
LF:1
LH:1
end_of_record
SF:lib\errors\structure\fetch_fake_store_exception.dart
DA:25,3
DA:27,0
DA:28,0
LF:3
LH:1
end_of_record
SF:lib\infraestructure\driven-adapter\api\auth_fake_store_api.dart
DA:26,2
DA:30,1
DA:31,2
DA:41,1
DA:46,1
DA:49,2
DA:51,1
DA:55,2
DA:56,1
DA:57,2
DA:62,1
DA:63,2
LF:12
LH:12
end_of_record
SF:lib\errors\handler\api_error_handler.dart
DA:21,0
DA:22,0
DA:23,0
DA:24,0
DA:27,0
DA:28,0
DA:32,0
DA:33,0
DA:34,0
DA:37,0
DA:38,0
DA:39,0
DA:43,0
DA:44,0
LF:14
LH:0
end_of_record
SF:lib\errors\structure\api_failure.dart
DA:7,1
DA:10,1
DA:13,1
DA:14,3
LF:4
LH:4
end_of_record
SF:lib\errors\structure\failure.dart
DA:13,1
DA:15,0
DA:16,0
LF:3
LH:1
end_of_record
SF:lib\infraestructure\helpers\mappers\cart\carts_fake_store.dart
DA:7,3
DA:13,6
DA:14,3
DA:15,3
DA:16,3
DA:17,12
DA:21,0
DA:22,0
DA:23,0
DA:24,0
DA:31,3
DA:33,3
DA:34,6
DA:36,0
LF:14
LH:9
end_of_record
SF:lib\infraestructure\helpers\mappers\users\users_fake_store.dart
DA:11,3
DA:21,6
DA:22,6
DA:23,3
DA:24,3
DA:25,3
DA:26,3
DA:27,6
DA:28,3
DA:31,0
DA:32,0
DA:33,0
DA:34,0
DA:35,0
DA:36,0
DA:37,0
DA:38,0
DA:48,3
DA:55,6
DA:56,3
DA:57,3
DA:58,3
DA:59,3
DA:62,0
DA:63,0
DA:64,0
DA:65,0
DA:66,0
DA:74,3
DA:76,3
DA:77,9
DA:79,0
DA:80,0
DA:81,0
LF:34
LH:18
end_of_record
SF:lib\infraestructure\helpers\mappers\products\products_fake_store.dart
DA:10,3
DA:19,3
DA:20,3
DA:21,3
DA:22,3
DA:23,6
DA:24,3
DA:25,3
DA:26,3
DA:29,0
DA:30,0
DA:31,0
DA:32,0
DA:33,0
DA:34,0
DA:35,0
LF:16
LH:9
end_of_record
SF:lib\infraestructure\helpers\mappers\auth\auth_fake_store.dart
DA:4,3
DA:6,3
DA:7,6
DA:9,0
LF:4
LH:3
end_of_record
SF:lib\infraestructure\driven-adapter\api\fake_store_api.dart
DA:26,2
DA:30,1
DA:31,2
DA:42,1
DA:47,3
DA:50,3
DA:53,2
DA:54,2
DA:57,4
DA:62,1
DA:63,2
DA:74,1
DA:75,1
DA:83,1
DA:84,1
DA:95,1
DA:96,1
LF:17
LH:17
end_of_record
SF:lib\methods\api_services.dart
DA:28,1
DA:32,1
DA:33,1
DA:34,0
DA:41,1
DA:45,1
DA:46,1
DA:48,3
DA:55,1
DA:56,1
DA:58,3
DA:61,0
DA:69,1
DA:70,1
DA:71,3
DA:78,1
DA:79,1
DA:80,3
DA:90,1
DA:94,1
DA:96,3
LF:21
LH:19
end_of_record
